0 info it worked if it ends with ok
1 verbose cli [ 'C:\\Program Files\\nodejs\\node.exe',
1 verbose cli   'C:\\Program Files\\nodejs\\node_modules\\npm\\bin\\npm-cli.js',
1 verbose cli   'install' ]
2 info using npm@4.1.2
3 info using node@v7.5.0
4 silly loadCurrentTree Starting
5 silly install loadCurrentTree
6 silly install readLocalPackageData
7 silly install normalizeTree
8 silly loadCurrentTree Finishing
9 silly loadIdealTree Starting
10 silly install loadIdealTree
11 silly cloneCurrentTree Starting
12 silly install cloneCurrentTreeToIdealTree
13 silly cloneCurrentTree Finishing
14 silly loadShrinkwrap Starting
15 silly install loadShrinkwrap
16 silly loadShrinkwrap Finishing
17 silly loadAllDepsIntoIdealTree Starting
18 silly install loadAllDepsIntoIdealTree
19 silly fetchNamedPackageData fsevents
20 silly mapToRegistry name fsevents
21 silly mapToRegistry using default registry
22 silly mapToRegistry registry https://registry.npmjs.org/
23 silly mapToRegistry data Result {
23 silly mapToRegistry   raw: 'fsevents',
23 silly mapToRegistry   scope: null,
23 silly mapToRegistry   escapedName: 'fsevents',
23 silly mapToRegistry   name: 'fsevents',
23 silly mapToRegistry   rawSpec: '',
23 silly mapToRegistry   spec: 'latest',
23 silly mapToRegistry   type: 'tag' }
24 silly mapToRegistry uri https://registry.npmjs.org/fsevents
25 verbose request uri https://registry.npmjs.org/fsevents
26 verbose request no auth needed
27 info attempt registry request try #1 at 09:42:04
28 verbose request using bearer token for auth
29 verbose request id af3b2392b91d4bdf
30 verbose etag W/"597215e7-dd9a"
31 verbose lastModified Fri, 21 Jul 2017 14:55:35 GMT
32 http request GET https://registry.npmjs.org/fsevents
33 http 304 https://registry.npmjs.org/fsevents
34 verbose headers { server: 'nginx/1.10.1',
34 verbose headers   'last-modified': 'Fri, 21 Jul 2017 14:55:35 GMT',
34 verbose headers   etag: '"597215e7-dd9a"',
34 verbose headers   'cache-control': 'max-age=300',
34 verbose headers   'accept-ranges': 'bytes',
34 verbose headers   date: 'Wed, 04 Oct 2017 06:42:07 GMT',
34 verbose headers   via: '1.1 varnish',
34 verbose headers   connection: 'keep-alive',
34 verbose headers   'x-served-by': 'cache-fra1220-FRA',
34 verbose headers   'x-cache': 'MISS',
34 verbose headers   'x-cache-hits': '0',
34 verbose headers   'x-timer': 'S1507099327.105302,VS0,VE1',
34 verbose headers   vary: 'Accept-Encoding, Accept' }
35 silly get cb [ 304,
35 silly get   { server: 'nginx/1.10.1',
35 silly get     'last-modified': 'Fri, 21 Jul 2017 14:55:35 GMT',
35 silly get     etag: '"597215e7-dd9a"',
35 silly get     'cache-control': 'max-age=300',
35 silly get     'accept-ranges': 'bytes',
35 silly get     date: 'Wed, 04 Oct 2017 06:42:07 GMT',
35 silly get     via: '1.1 varnish',
35 silly get     connection: 'keep-alive',
35 silly get     'x-served-by': 'cache-fra1220-FRA',
35 silly get     'x-cache': 'MISS',
35 silly get     'x-cache-hits': '0',
35 silly get     'x-timer': 'S1507099327.105302,VS0,VE1',
35 silly get     vary: 'Accept-Encoding, Accept' } ]
36 verbose etag https://registry.npmjs.org/fsevents from cache
37 verbose get saving fsevents to C:\Users\Andrey\AppData\Roaming\npm-cache\registry.npmjs.org\fsevents\.cache.json
38 verbose correctMkdir C:\Users\Andrey\AppData\Roaming\npm-cache correctMkdir not in flight; initializing
39 silly pickManifestFromRegistryMetadata spec >=1.0.0 <2.0.0 tag latest versions [ '0.1.1',
39 silly pickManifestFromRegistryMetadata   '0.1.3',
39 silly pickManifestFromRegistryMetadata   '0.1.4',
39 silly pickManifestFromRegistryMetadata   '0.1.5',
39 silly pickManifestFromRegistryMetadata   '0.1.6',
39 silly pickManifestFromRegistryMetadata   '0.2.0',
39 silly pickManifestFromRegistryMetadata   '0.3.0',
39 silly pickManifestFromRegistryMetadata   '0.3.1',
39 silly pickManifestFromRegistryMetadata   '0.3.2',
39 silly pickManifestFromRegistryMetadata   '0.3.3',
39 silly pickManifestFromRegistryMetadata   '0.3.4',
39 silly pickManifestFromRegistryMetadata   '0.3.5',
39 silly pickManifestFromRegistryMetadata   '0.3.6',
39 silly pickManifestFromRegistryMetadata   '0.3.7',
39 silly pickManifestFromRegistryMetadata   '0.3.8',
39 silly pickManifestFromRegistryMetadata   '1.0.0',
39 silly pickManifestFromRegistryMetadata   '1.0.1',
39 silly pickManifestFromRegistryMetadata   '1.0.2',
39 silly pickManifestFromRegistryMetadata   '1.0.3',
39 silly pickManifestFromRegistryMetadata   '1.0.4',
39 silly pickManifestFromRegistryMetadata   '1.0.5',
39 silly pickManifestFromRegistryMetadata   '1.0.6',
39 silly pickManifestFromRegistryMetadata   '1.0.7',
39 silly pickManifestFromRegistryMetadata   '1.0.8',
39 silly pickManifestFromRegistryMetadata   '1.0.9',
39 silly pickManifestFromRegistryMetadata   '1.0.10',
39 silly pickManifestFromRegistryMetadata   '1.0.11',
39 silly pickManifestFromRegistryMetadata   '1.0.12',
39 silly pickManifestFromRegistryMetadata   '1.0.14',
39 silly pickManifestFromRegistryMetadata   '1.0.15',
39 silly pickManifestFromRegistryMetadata   '1.0.17',
39 silly pickManifestFromRegistryMetadata   '1.0.18-0',
39 silly pickManifestFromRegistryMetadata   '1.1.0',
39 silly pickManifestFromRegistryMetadata   '1.1.1',
39 silly pickManifestFromRegistryMetadata   '1.1.2' ]
40 silly resolveWithNewModule fsevents@1.1.2 checking installable status
41 silly loadAllDepsIntoIdealTree Finishing
42 silly loadIdealTree Finishing
43 silly currentTree public-transport-client@1.0.9
43 silly currentTree +-- ansi-regex@2.1.1
43 silly currentTree +-- ansi-styles@2.2.1
43 silly currentTree +-- anymatch@1.3.2
43 silly currentTree +-- arr-diff@2.0.0
43 silly currentTree +-- arr-flatten@1.1.0
43 silly currentTree +-- array-unique@0.2.1
43 silly currentTree +-- async-each@1.0.1
43 silly currentTree +-- babel-cli@6.26.0
43 silly currentTree | +-- babel-code-frame@6.26.0
43 silly currentTree | +-- babel-core@6.26.0
43 silly currentTree | +-- babel-generator@6.26.0
43 silly currentTree | +-- babel-register@6.26.0
43 silly currentTree | | `-- core-js@2.5.0
43 silly currentTree | +-- babel-runtime@6.26.0
43 silly currentTree | +-- babel-template@6.26.0
43 silly currentTree | +-- babel-traverse@6.26.0
43 silly currentTree | +-- babel-types@6.26.0
43 silly currentTree | +-- babylon@6.18.0
43 silly currentTree | `-- regenerator-runtime@0.11.0
43 silly currentTree +-- babel-code-frame@6.22.0
43 silly currentTree +-- babel-core@6.25.0
43 silly currentTree +-- babel-generator@6.25.0
43 silly currentTree +-- babel-helper-bindify-decorators@6.24.1
43 silly currentTree +-- babel-helper-builder-binary-assignment-operator-visitor@6.24.1
43 silly currentTree +-- babel-helper-call-delegate@6.24.1
43 silly currentTree +-- babel-helper-define-map@6.24.1
43 silly currentTree +-- babel-helper-explode-assignable-expression@6.24.1
43 silly currentTree +-- babel-helper-explode-class@6.24.1
43 silly currentTree +-- babel-helper-function-name@6.24.1
43 silly currentTree +-- babel-helper-get-function-arity@6.24.1
43 silly currentTree +-- babel-helper-hoist-variables@6.24.1
43 silly currentTree +-- babel-helper-optimise-call-expression@6.24.1
43 silly currentTree +-- babel-helper-regex@6.24.1
43 silly currentTree +-- babel-helper-remap-async-to-generator@6.24.1
43 silly currentTree +-- babel-helper-replace-supers@6.24.1
43 silly currentTree +-- babel-helpers@6.24.1
43 silly currentTree +-- babel-messages@6.23.0
43 silly currentTree +-- babel-plugin-check-es2015-constants@6.22.0
43 silly currentTree +-- babel-plugin-syntax-async-functions@6.13.0
43 silly currentTree +-- babel-plugin-syntax-async-generators@6.13.0
43 silly currentTree +-- babel-plugin-syntax-class-properties@6.13.0
43 silly currentTree +-- babel-plugin-syntax-decorators@6.13.0
43 silly currentTree +-- babel-plugin-syntax-dynamic-import@6.18.0
43 silly currentTree +-- babel-plugin-syntax-exponentiation-operator@6.13.0
43 silly currentTree +-- babel-plugin-syntax-object-rest-spread@6.13.0
43 silly currentTree +-- babel-plugin-syntax-trailing-function-commas@6.22.0
43 silly currentTree +-- babel-plugin-transform-async-generator-functions@6.24.1
43 silly currentTree +-- babel-plugin-transform-async-to-generator@6.24.1
43 silly currentTree +-- babel-plugin-transform-class-properties@6.24.1
43 silly currentTree +-- babel-plugin-transform-decorators@6.24.1
43 silly currentTree +-- babel-plugin-transform-es2015-arrow-functions@6.22.0
43 silly currentTree +-- babel-plugin-transform-es2015-block-scoped-functions@6.22.0
43 silly currentTree +-- babel-plugin-transform-es2015-block-scoping@6.24.1
43 silly currentTree +-- babel-plugin-transform-es2015-classes@6.24.1
43 silly currentTree +-- babel-plugin-transform-es2015-computed-properties@6.24.1
43 silly currentTree +-- babel-plugin-transform-es2015-destructuring@6.23.0
43 silly currentTree +-- babel-plugin-transform-es2015-duplicate-keys@6.24.1
43 silly currentTree +-- babel-plugin-transform-es2015-for-of@6.23.0
43 silly currentTree +-- babel-plugin-transform-es2015-function-name@6.24.1
43 silly currentTree +-- babel-plugin-transform-es2015-literals@6.22.0
43 silly currentTree +-- babel-plugin-transform-es2015-modules-amd@6.24.1
43 silly currentTree +-- babel-plugin-transform-es2015-modules-commonjs@6.24.1
43 silly currentTree +-- babel-plugin-transform-es2015-modules-systemjs@6.24.1
43 silly currentTree +-- babel-plugin-transform-es2015-modules-umd@6.24.1
43 silly currentTree +-- babel-plugin-transform-es2015-object-super@6.24.1
43 silly currentTree +-- babel-plugin-transform-es2015-parameters@6.24.1
43 silly currentTree +-- babel-plugin-transform-es2015-shorthand-properties@6.24.1
43 silly currentTree +-- babel-plugin-transform-es2015-spread@6.22.0
43 silly currentTree +-- babel-plugin-transform-es2015-sticky-regex@6.24.1
43 silly currentTree +-- babel-plugin-transform-es2015-template-literals@6.22.0
43 silly currentTree +-- babel-plugin-transform-es2015-typeof-symbol@6.23.0
43 silly currentTree +-- babel-plugin-transform-es2015-unicode-regex@6.24.1
43 silly currentTree +-- babel-plugin-transform-exponentiation-operator@6.24.1
43 silly currentTree +-- babel-plugin-transform-object-rest-spread@6.23.0
43 silly currentTree +-- babel-plugin-transform-regenerator@6.26.0
43 silly currentTree +-- babel-plugin-transform-runtime@6.23.0
43 silly currentTree +-- babel-plugin-transform-strict-mode@6.24.1
43 silly currentTree +-- babel-polyfill@6.26.0
43 silly currentTree | +-- babel-runtime@6.26.0
43 silly currentTree | | `-- regenerator-runtime@0.11.0
43 silly currentTree | `-- core-js@2.5.0
43 silly currentTree +-- babel-preset-env@1.6.0
43 silly currentTree +-- babel-preset-es2015@6.24.1
43 silly currentTree +-- babel-preset-stage-2@6.24.1
43 silly currentTree +-- babel-preset-stage-3@6.24.1
43 silly currentTree +-- babel-register@6.24.1
43 silly currentTree +-- babel-runtime@6.23.0
43 silly currentTree +-- babel-template@6.25.0
43 silly currentTree +-- babel-traverse@6.25.0
43 silly currentTree +-- babel-types@6.25.0
43 silly currentTree +-- babylon@6.17.4
43 silly currentTree +-- balanced-match@1.0.0
43 silly currentTree +-- binary-extensions@1.10.0
43 silly currentTree +-- brace-expansion@1.1.8
43 silly currentTree +-- braces@1.8.5
43 silly currentTree +-- browserslist@2.2.0
43 silly currentTree +-- caniuse-lite@1.0.30000702
43 silly currentTree +-- chalk@1.1.3
43 silly currentTree +-- chokidar@1.7.0
43 silly currentTree +-- commander@2.11.0
43 silly currentTree +-- concat-map@0.0.1
43 silly currentTree +-- convert-source-map@1.5.0
43 silly currentTree +-- core-js@2.4.1
43 silly currentTree +-- core-util-is@1.0.2
43 silly currentTree +-- debug@2.6.8
43 silly currentTree +-- detect-indent@4.0.0
43 silly currentTree +-- electron-to-chromium@1.3.16
43 silly currentTree +-- escape-string-regexp@1.0.5
43 silly currentTree +-- esutils@2.0.2
43 silly currentTree +-- expand-brackets@0.1.5
43 silly currentTree +-- expand-range@1.8.2
43 silly currentTree +-- extglob@0.3.2
43 silly currentTree +-- filename-regex@2.0.1
43 silly currentTree +-- fill-range@2.2.3
43 silly currentTree +-- for-in@1.0.2
43 silly currentTree +-- for-own@0.1.5
43 silly currentTree +-- fs-readdir-recursive@1.0.0
43 silly currentTree +-- fs.realpath@1.0.0
43 silly currentTree +-- geo-coords-distance@2.0.9
43 silly currentTree +-- glob-base@0.3.0
43 silly currentTree +-- glob-parent@2.0.0
43 silly currentTree +-- glob@7.1.2
43 silly currentTree +-- globals@9.18.0
43 silly currentTree +-- graceful-fs@4.1.11
43 silly currentTree +-- has-ansi@2.0.0
43 silly currentTree +-- home-or-tmp@2.0.0
43 silly currentTree +-- inflight@1.0.6
43 silly currentTree +-- inherits@2.0.3
43 silly currentTree +-- invariant@2.2.2
43 silly currentTree +-- is-binary-path@1.0.1
43 silly currentTree +-- is-buffer@1.1.5
43 silly currentTree +-- is-dotfile@1.0.3
43 silly currentTree +-- is-equal-shallow@0.1.3
43 silly currentTree +-- is-extendable@0.1.1
43 silly currentTree +-- is-extglob@1.0.0
43 silly currentTree +-- is-finite@1.0.2
43 silly currentTree +-- is-glob@2.0.1
43 silly currentTree +-- is-number@2.1.0
43 silly currentTree +-- is-posix-bracket@0.1.1
43 silly currentTree +-- is-primitive@2.0.0
43 silly currentTree +-- isarray@1.0.0
43 silly currentTree +-- isobject@2.1.0
43 silly currentTree +-- js-tokens@3.0.2
43 silly currentTree +-- jsesc@1.3.0
43 silly currentTree +-- json5@0.5.1
43 silly currentTree +-- kind-of@3.2.2
43 silly currentTree +-- lodash@4.17.4
43 silly currentTree +-- loose-envify@1.3.1
43 silly currentTree +-- micromatch@2.3.11
43 silly currentTree +-- minimatch@3.0.4
43 silly currentTree +-- minimist@0.0.8
43 silly currentTree +-- mkdirp@0.5.1
43 silly currentTree +-- ms@2.0.0
43 silly currentTree +-- normalize-path@2.1.1
43 silly currentTree +-- number-is-nan@1.0.1
43 silly currentTree +-- object-assign@4.1.1
43 silly currentTree +-- object.omit@2.0.1
43 silly currentTree +-- once@1.4.0
43 silly currentTree +-- os-homedir@1.0.2
43 silly currentTree +-- os-tmpdir@1.0.2
43 silly currentTree +-- output-file-sync@1.1.2
43 silly currentTree +-- parse-glob@3.0.4
43 silly currentTree +-- path-is-absolute@1.0.1
43 silly currentTree +-- preserve@0.2.0
43 silly currentTree +-- private@0.1.7
43 silly currentTree +-- process-nextick-args@1.0.7
43 silly currentTree +-- public-transport-find-optimal-ways@1.0.7
43 silly currentTree +-- public-transport-initialize-data@1.0.10
43 silly currentTree +-- randomatic@1.1.7
43 silly currentTree | +-- is-number@3.0.0
43 silly currentTree | | `-- kind-of@3.2.2
43 silly currentTree | `-- kind-of@4.0.0
43 silly currentTree +-- readable-stream@2.3.3
43 silly currentTree +-- readdirp@2.1.0
43 silly currentTree +-- regenerate@1.3.2
43 silly currentTree +-- regenerator-runtime@0.10.5
43 silly currentTree +-- regenerator-transform@0.10.1
43 silly currentTree +-- regex-cache@0.4.3
43 silly currentTree +-- regexpu-core@2.0.0
43 silly currentTree +-- regjsgen@0.2.0
43 silly currentTree +-- regjsparser@0.1.5
43 silly currentTree | `-- jsesc@0.5.0
43 silly currentTree +-- remove-trailing-separator@1.1.0
43 silly currentTree +-- repeat-element@1.1.2
43 silly currentTree +-- repeat-string@1.6.1
43 silly currentTree +-- repeating@2.0.1
43 silly currentTree +-- safe-buffer@5.1.1
43 silly currentTree +-- semver@5.3.0
43 silly currentTree +-- set-immediate-shim@1.0.1
43 silly currentTree +-- slash@1.0.0
43 silly currentTree +-- source-map-support@0.4.15
43 silly currentTree +-- source-map@0.5.6
43 silly currentTree +-- string_decoder@1.0.3
43 silly currentTree +-- strip-ansi@3.0.1
43 silly currentTree +-- supports-color@2.0.0
43 silly currentTree +-- to-fast-properties@1.0.3
43 silly currentTree +-- trim-right@1.0.1
43 silly currentTree +-- user-home@1.1.1
43 silly currentTree +-- util-deprecate@1.0.2
43 silly currentTree +-- v8flags@2.1.1
43 silly currentTree `-- wrappy@1.0.2
44 silly idealTree public-transport-client@1.0.9
44 silly idealTree +-- ansi-regex@2.1.1
44 silly idealTree +-- ansi-styles@2.2.1
44 silly idealTree +-- anymatch@1.3.2
44 silly idealTree +-- arr-diff@2.0.0
44 silly idealTree +-- arr-flatten@1.1.0
44 silly idealTree +-- array-unique@0.2.1
44 silly idealTree +-- async-each@1.0.1
44 silly idealTree +-- babel-cli@6.26.0
44 silly idealTree | +-- babel-code-frame@6.26.0
44 silly idealTree | +-- babel-core@6.26.0
44 silly idealTree | +-- babel-generator@6.26.0
44 silly idealTree | +-- babel-register@6.26.0
44 silly idealTree | | `-- core-js@2.5.0
44 silly idealTree | +-- babel-runtime@6.26.0
44 silly idealTree | +-- babel-template@6.26.0
44 silly idealTree | +-- babel-traverse@6.26.0
44 silly idealTree | +-- babel-types@6.26.0
44 silly idealTree | +-- babylon@6.18.0
44 silly idealTree | `-- regenerator-runtime@0.11.0
44 silly idealTree +-- babel-code-frame@6.22.0
44 silly idealTree +-- babel-core@6.25.0
44 silly idealTree +-- babel-generator@6.25.0
44 silly idealTree +-- babel-helper-bindify-decorators@6.24.1
44 silly idealTree +-- babel-helper-builder-binary-assignment-operator-visitor@6.24.1
44 silly idealTree +-- babel-helper-call-delegate@6.24.1
44 silly idealTree +-- babel-helper-define-map@6.24.1
44 silly idealTree +-- babel-helper-explode-assignable-expression@6.24.1
44 silly idealTree +-- babel-helper-explode-class@6.24.1
44 silly idealTree +-- babel-helper-function-name@6.24.1
44 silly idealTree +-- babel-helper-get-function-arity@6.24.1
44 silly idealTree +-- babel-helper-hoist-variables@6.24.1
44 silly idealTree +-- babel-helper-optimise-call-expression@6.24.1
44 silly idealTree +-- babel-helper-regex@6.24.1
44 silly idealTree +-- babel-helper-remap-async-to-generator@6.24.1
44 silly idealTree +-- babel-helper-replace-supers@6.24.1
44 silly idealTree +-- babel-helpers@6.24.1
44 silly idealTree +-- babel-messages@6.23.0
44 silly idealTree +-- babel-plugin-check-es2015-constants@6.22.0
44 silly idealTree +-- babel-plugin-syntax-async-functions@6.13.0
44 silly idealTree +-- babel-plugin-syntax-async-generators@6.13.0
44 silly idealTree +-- babel-plugin-syntax-class-properties@6.13.0
44 silly idealTree +-- babel-plugin-syntax-decorators@6.13.0
44 silly idealTree +-- babel-plugin-syntax-dynamic-import@6.18.0
44 silly idealTree +-- babel-plugin-syntax-exponentiation-operator@6.13.0
44 silly idealTree +-- babel-plugin-syntax-object-rest-spread@6.13.0
44 silly idealTree +-- babel-plugin-syntax-trailing-function-commas@6.22.0
44 silly idealTree +-- babel-plugin-transform-async-generator-functions@6.24.1
44 silly idealTree +-- babel-plugin-transform-async-to-generator@6.24.1
44 silly idealTree +-- babel-plugin-transform-class-properties@6.24.1
44 silly idealTree +-- babel-plugin-transform-decorators@6.24.1
44 silly idealTree +-- babel-plugin-transform-es2015-arrow-functions@6.22.0
44 silly idealTree +-- babel-plugin-transform-es2015-block-scoped-functions@6.22.0
44 silly idealTree +-- babel-plugin-transform-es2015-block-scoping@6.24.1
44 silly idealTree +-- babel-plugin-transform-es2015-classes@6.24.1
44 silly idealTree +-- babel-plugin-transform-es2015-computed-properties@6.24.1
44 silly idealTree +-- babel-plugin-transform-es2015-destructuring@6.23.0
44 silly idealTree +-- babel-plugin-transform-es2015-duplicate-keys@6.24.1
44 silly idealTree +-- babel-plugin-transform-es2015-for-of@6.23.0
44 silly idealTree +-- babel-plugin-transform-es2015-function-name@6.24.1
44 silly idealTree +-- babel-plugin-transform-es2015-literals@6.22.0
44 silly idealTree +-- babel-plugin-transform-es2015-modules-amd@6.24.1
44 silly idealTree +-- babel-plugin-transform-es2015-modules-commonjs@6.24.1
44 silly idealTree +-- babel-plugin-transform-es2015-modules-systemjs@6.24.1
44 silly idealTree +-- babel-plugin-transform-es2015-modules-umd@6.24.1
44 silly idealTree +-- babel-plugin-transform-es2015-object-super@6.24.1
44 silly idealTree +-- babel-plugin-transform-es2015-parameters@6.24.1
44 silly idealTree +-- babel-plugin-transform-es2015-shorthand-properties@6.24.1
44 silly idealTree +-- babel-plugin-transform-es2015-spread@6.22.0
44 silly idealTree +-- babel-plugin-transform-es2015-sticky-regex@6.24.1
44 silly idealTree +-- babel-plugin-transform-es2015-template-literals@6.22.0
44 silly idealTree +-- babel-plugin-transform-es2015-typeof-symbol@6.23.0
44 silly idealTree +-- babel-plugin-transform-es2015-unicode-regex@6.24.1
44 silly idealTree +-- babel-plugin-transform-exponentiation-operator@6.24.1
44 silly idealTree +-- babel-plugin-transform-object-rest-spread@6.23.0
44 silly idealTree +-- babel-plugin-transform-regenerator@6.26.0
44 silly idealTree +-- babel-plugin-transform-runtime@6.23.0
44 silly idealTree +-- babel-plugin-transform-strict-mode@6.24.1
44 silly idealTree +-- babel-polyfill@6.26.0
44 silly idealTree | +-- babel-runtime@6.26.0
44 silly idealTree | | `-- regenerator-runtime@0.11.0
44 silly idealTree | `-- core-js@2.5.0
44 silly idealTree +-- babel-preset-env@1.6.0
44 silly idealTree +-- babel-preset-es2015@6.24.1
44 silly idealTree +-- babel-preset-stage-2@6.24.1
44 silly idealTree +-- babel-preset-stage-3@6.24.1
44 silly idealTree +-- babel-register@6.24.1
44 silly idealTree +-- babel-runtime@6.23.0
44 silly idealTree +-- babel-template@6.25.0
44 silly idealTree +-- babel-traverse@6.25.0
44 silly idealTree +-- babel-types@6.25.0
44 silly idealTree +-- babylon@6.17.4
44 silly idealTree +-- balanced-match@1.0.0
44 silly idealTree +-- binary-extensions@1.10.0
44 silly idealTree +-- brace-expansion@1.1.8
44 silly idealTree +-- braces@1.8.5
44 silly idealTree +-- browserslist@2.2.0
44 silly idealTree +-- caniuse-lite@1.0.30000702
44 silly idealTree +-- chalk@1.1.3
44 silly idealTree +-- chokidar@1.7.0
44 silly idealTree +-- commander@2.11.0
44 silly idealTree +-- concat-map@0.0.1
44 silly idealTree +-- convert-source-map@1.5.0
44 silly idealTree +-- core-js@2.4.1
44 silly idealTree +-- core-util-is@1.0.2
44 silly idealTree +-- debug@2.6.8
44 silly idealTree +-- detect-indent@4.0.0
44 silly idealTree +-- electron-to-chromium@1.3.16
44 silly idealTree +-- escape-string-regexp@1.0.5
44 silly idealTree +-- esutils@2.0.2
44 silly idealTree +-- expand-brackets@0.1.5
44 silly idealTree +-- expand-range@1.8.2
44 silly idealTree +-- extglob@0.3.2
44 silly idealTree +-- filename-regex@2.0.1
44 silly idealTree +-- fill-range@2.2.3
44 silly idealTree +-- for-in@1.0.2
44 silly idealTree +-- for-own@0.1.5
44 silly idealTree +-- fs-readdir-recursive@1.0.0
44 silly idealTree +-- fs.realpath@1.0.0
44 silly idealTree +-- geo-coords-distance@2.0.9
44 silly idealTree +-- glob-base@0.3.0
44 silly idealTree +-- glob-parent@2.0.0
44 silly idealTree +-- glob@7.1.2
44 silly idealTree +-- globals@9.18.0
44 silly idealTree +-- graceful-fs@4.1.11
44 silly idealTree +-- has-ansi@2.0.0
44 silly idealTree +-- home-or-tmp@2.0.0
44 silly idealTree +-- inflight@1.0.6
44 silly idealTree +-- inherits@2.0.3
44 silly idealTree +-- invariant@2.2.2
44 silly idealTree +-- is-binary-path@1.0.1
44 silly idealTree +-- is-buffer@1.1.5
44 silly idealTree +-- is-dotfile@1.0.3
44 silly idealTree +-- is-equal-shallow@0.1.3
44 silly idealTree +-- is-extendable@0.1.1
44 silly idealTree +-- is-extglob@1.0.0
44 silly idealTree +-- is-finite@1.0.2
44 silly idealTree +-- is-glob@2.0.1
44 silly idealTree +-- is-number@2.1.0
44 silly idealTree +-- is-posix-bracket@0.1.1
44 silly idealTree +-- is-primitive@2.0.0
44 silly idealTree +-- isarray@1.0.0
44 silly idealTree +-- isobject@2.1.0
44 silly idealTree +-- js-tokens@3.0.2
44 silly idealTree +-- jsesc@1.3.0
44 silly idealTree +-- json5@0.5.1
44 silly idealTree +-- kind-of@3.2.2
44 silly idealTree +-- lodash@4.17.4
44 silly idealTree +-- loose-envify@1.3.1
44 silly idealTree +-- micromatch@2.3.11
44 silly idealTree +-- minimatch@3.0.4
44 silly idealTree +-- minimist@0.0.8
44 silly idealTree +-- mkdirp@0.5.1
44 silly idealTree +-- ms@2.0.0
44 silly idealTree +-- normalize-path@2.1.1
44 silly idealTree +-- number-is-nan@1.0.1
44 silly idealTree +-- object-assign@4.1.1
44 silly idealTree +-- object.omit@2.0.1
44 silly idealTree +-- once@1.4.0
44 silly idealTree +-- os-homedir@1.0.2
44 silly idealTree +-- os-tmpdir@1.0.2
44 silly idealTree +-- output-file-sync@1.1.2
44 silly idealTree +-- parse-glob@3.0.4
44 silly idealTree +-- path-is-absolute@1.0.1
44 silly idealTree +-- preserve@0.2.0
44 silly idealTree +-- private@0.1.7
44 silly idealTree +-- process-nextick-args@1.0.7
44 silly idealTree +-- public-transport-find-optimal-ways@1.0.7
44 silly idealTree +-- public-transport-initialize-data@1.0.10
44 silly idealTree +-- randomatic@1.1.7
44 silly idealTree | +-- is-number@3.0.0
44 silly idealTree | | `-- kind-of@3.2.2
44 silly idealTree | `-- kind-of@4.0.0
44 silly idealTree +-- readable-stream@2.3.3
44 silly idealTree +-- readdirp@2.1.0
44 silly idealTree +-- regenerate@1.3.2
44 silly idealTree +-- regenerator-runtime@0.10.5
44 silly idealTree +-- regenerator-transform@0.10.1
44 silly idealTree +-- regex-cache@0.4.3
44 silly idealTree +-- regexpu-core@2.0.0
44 silly idealTree +-- regjsgen@0.2.0
44 silly idealTree +-- regjsparser@0.1.5
44 silly idealTree | `-- jsesc@0.5.0
44 silly idealTree +-- remove-trailing-separator@1.1.0
44 silly idealTree +-- repeat-element@1.1.2
44 silly idealTree +-- repeat-string@1.6.1
44 silly idealTree +-- repeating@2.0.1
44 silly idealTree +-- safe-buffer@5.1.1
44 silly idealTree +-- semver@5.3.0
44 silly idealTree +-- set-immediate-shim@1.0.1
44 silly idealTree +-- slash@1.0.0
44 silly idealTree +-- source-map-support@0.4.15
44 silly idealTree +-- source-map@0.5.6
44 silly idealTree +-- string_decoder@1.0.3
44 silly idealTree +-- strip-ansi@3.0.1
44 silly idealTree +-- supports-color@2.0.0
44 silly idealTree +-- to-fast-properties@1.0.3
44 silly idealTree +-- trim-right@1.0.1
44 silly idealTree +-- user-home@1.1.1
44 silly idealTree +-- util-deprecate@1.0.2
44 silly idealTree +-- v8flags@2.1.1
44 silly idealTree `-- wrappy@1.0.2
45 silly generateActionsToTake Starting
46 silly install generateActionsToTake
47 silly generateActionsToTake Finishing
48 silly diffTrees action count 0
49 silly decomposeActions action count 0
50 silly runTopLevelLifecycles Starting
51 silly install runPreinstallTopLevelLifecycles
52 silly preinstall public-transport-client@1.0.9
53 info lifecycle public-transport-client@1.0.9~preinstall: public-transport-client@1.0.9
54 silly lifecycle public-transport-client@1.0.9~preinstall: no script for preinstall, continuing
55 silly executeActions Starting
56 silly install executeActions
57 silly doSerial global-install 0
58 silly doParallel fetch 0
59 verbose correctMkdir C:\Users\Andrey\AppData\Roaming\npm-cache\_locks correctMkdir not in flight; initializing
60 verbose lock using C:\Users\Andrey\AppData\Roaming\npm-cache\_locks\staging-5ff0b810a5cae0b9.lock for D:\Files\Other\Projects\PublicTransport\js-app-modules\public-transport-client\node_modules\.staging
61 silly doParallel extract 0
62 silly doParallel preinstall 0
63 silly doReverseSerial remove 0
64 silly doSerial move 0
65 silly doSerial finalize 0
66 silly doSerial build 0
67 silly doSerial global-link 0
68 silly doParallel update-linked 0
69 silly doSerial install 0
70 silly doSerial postinstall 0
71 verbose unlock done using C:\Users\Andrey\AppData\Roaming\npm-cache\_locks\staging-5ff0b810a5cae0b9.lock for D:\Files\Other\Projects\PublicTransport\js-app-modules\public-transport-client\node_modules\.staging
72 silly executeActions Finishing
73 silly rollbackFailedOptional Starting
74 silly rollbackFailedOptional Finishing
75 silly install runPostinstallTopLevelLifecycles
76 silly build public-transport-client@1.0.9
77 info linkStuff public-transport-client@1.0.9
78 silly linkStuff public-transport-client@1.0.9 has D:\Files\Other\Projects\PublicTransport\js-app-modules as its parent node_modules
79 verbose linkBins public-transport-client@1.0.9
80 verbose linkMans public-transport-client@1.0.9
81 silly install public-transport-client@1.0.9
82 info lifecycle public-transport-client@1.0.9~install: public-transport-client@1.0.9
83 silly lifecycle public-transport-client@1.0.9~install: no script for install, continuing
84 silly postinstall public-transport-client@1.0.9
85 info lifecycle public-transport-client@1.0.9~postinstall: public-transport-client@1.0.9
86 silly lifecycle public-transport-client@1.0.9~postinstall: no script for postinstall, continuing
87 silly prepublish public-transport-client@1.0.9
88 warn prepublish-on-install As of npm@5, `prepublish` scripts will run only for `npm publish`.
89 warn prepublish-on-install (In npm@4 and previous versions, it also runs for `npm install`.)
90 warn prepublish-on-install See the deprecation note in `npm help scripts` for more information.
91 info lifecycle public-transport-client@1.0.9~prepublish: public-transport-client@1.0.9
92 verbose lifecycle public-transport-client@1.0.9~prepublish: unsafe-perm in lifecycle true
93 verbose lifecycle public-transport-client@1.0.9~prepublish: PATH: C:\Program Files\nodejs\node_modules\npm\bin\node-gyp-bin;D:\Files\Other\Projects\PublicTransport\js-app-modules\public-transport-client\node_modules\.bin;C:\ProgramData\Oracle\Java\javapath;C:\Windows\system32;C:\Windows;C:\Windows\System32\Wbem;C:\Windows\System32\WindowsPowerShell\v1.0\;C:\Program Files\Microsoft SQL Server\120\Tools\Binn\;C:\Program Files (x86)\Windows Kits\8.1\Windows Performance Toolkit\;C:\Program Files (x86)\Common Files\Acronis\SnapAPI\;C:\Program Files\Microsoft SQL Server\130\Tools\Binn\;C:\Program Files\dotnet\;C:\Program Files\nodejs\;C:\ProgramData\Anaconda3;C:\ProgramData\Anaconda3\Scripts;C:\ProgramData\Anaconda3\Library\bin;C:\Program Files\Microsoft SQL Server\110\DTS\Binn\;C:\Program Files (x86)\Microsoft SQL Server\110\Tools\Binn\;C:\Program Files\Microsoft SQL Server\110\Tools\Binn\;C:\Program Files (x86)\Microsoft SQL Server\110\Tools\Binn\ManagementStudio\;C:\Program Files (x86)\Microsoft Visual Studio 10.0\Common7\IDE\PrivateAssemblies\;C:\Program Files (x86)\Microsoft SQL Server\110\DTS\Binn\;C:\HashiCorp\Vagrant\bin;C:\Program Files\PuTTY\;C:\Users\Andrey\AppData\Roaming\npm;C:\Program Files (x86)\Microsoft VS Code\bin;C:\Program Files\Heroku\bin;C:\Users\Andrey\AppData\Local\Programs\Fiddler
94 verbose lifecycle public-transport-client@1.0.9~prepublish: CWD: D:\Files\Other\Projects\PublicTransport\js-app-modules\public-transport-client
95 silly lifecycle public-transport-client@1.0.9~prepublish: Args: [ '/d /s /c', 'npm run build' ]
96 silly lifecycle public-transport-client@1.0.9~prepublish: Returned: code: 1  signal: null
97 info lifecycle public-transport-client@1.0.9~prepublish: Failed to exec prepublish script
98 warn optional SKIPPING OPTIONAL DEPENDENCY: fsevents@^1.0.0 (node_modules\chokidar\node_modules\fsevents):
99 warn notsup SKIPPING OPTIONAL DEPENDENCY: Unsupported platform for fsevents@1.1.2: wanted {"os":"darwin","arch":"any"} (current: {"os":"win32","arch":"x64"})
100 verbose notsup SKIPPING OPTIONAL DEPENDENCY: Valid OS:    darwin
100 verbose notsup SKIPPING OPTIONAL DEPENDENCY: Valid Arch:  any
100 verbose notsup SKIPPING OPTIONAL DEPENDENCY: Actual OS:   win32
100 verbose notsup SKIPPING OPTIONAL DEPENDENCY: Actual Arch: x64
101 verbose stack Error: public-transport-client@1.0.9 prepublish: `npm run build`
101 verbose stack Exit status 1
101 verbose stack     at EventEmitter.<anonymous> (C:\Program Files\nodejs\node_modules\npm\lib\utils\lifecycle.js:279:16)
101 verbose stack     at emitTwo (events.js:106:13)
101 verbose stack     at EventEmitter.emit (events.js:192:7)
101 verbose stack     at ChildProcess.<anonymous> (C:\Program Files\nodejs\node_modules\npm\lib\utils\spawn.js:40:14)
101 verbose stack     at emitTwo (events.js:106:13)
101 verbose stack     at ChildProcess.emit (events.js:192:7)
101 verbose stack     at maybeClose (internal/child_process.js:890:16)
101 verbose stack     at Process.ChildProcess._handle.onexit (internal/child_process.js:226:5)
102 verbose pkgid public-transport-client@1.0.9
103 verbose cwd D:\Files\Other\Projects\PublicTransport\js-app-modules\public-transport-client
104 error Windows_NT 10.0.10240
105 error argv "C:\\Program Files\\nodejs\\node.exe" "C:\\Program Files\\nodejs\\node_modules\\npm\\bin\\npm-cli.js" "install"
106 error node v7.5.0
107 error npm  v4.1.2
108 error code ELIFECYCLE
109 error public-transport-client@1.0.9 prepublish: `npm run build`
109 error Exit status 1
110 error Failed at the public-transport-client@1.0.9 prepublish script 'npm run build'.
110 error Make sure you have the latest version of node.js and npm installed.
110 error If you do, this is most likely a problem with the public-transport-client package,
110 error not with npm itself.
110 error Tell the author that this fails on your system:
110 error     npm run build
110 error You can get information on how to open an issue for this project with:
110 error     npm bugs public-transport-client
110 error Or if that isn't available, you can get their info via:
110 error     npm owner ls public-transport-client
110 error There is likely additional logging output above.
111 verbose exit [ 1, true ]
